08:37:52	Warning: 	engine: warning: temporary file ttu-eime/ttu-eime.csc.tntech.edu/indexe339.html.tmp already exists
08:37:54	Warning: 	engine: warning: temporary file ttu-eime/ttu-eime.csc.tntech.edu/indexaa53.html.tmp already exists
08:38:04	Warning: 	engine: warning: temporary file ttu-eime/ttu-eime.csc.tntech.edu/index.php/File_talk_ME3610_F14_WA_cuttingslotts.html.tmp already exists
08:39:02	Warning: 	engine: warning: temporary file ttu-eime/ttu-eime.csc.tntech.edu/index6b92.html.tmp already exists
08:39:02	Warning: 	engine: warning: temporary file ttu-eime/ttu-eime.csc.tntech.edu/indexdfea.html.tmp already exists
08:39:02	Warning: 	engine: warning: temporary file ttu-eime/ttu-eime.csc.tntech.edu/index.php/Special_WhatLinksHere/File_ME3610_F14_WA_cuttingslotts.html.tmp already exists
08:39:02	Warning: 	engine: warning: temporary file ttu-eime/ttu-eime.csc.tntech.edu/index.php/Special_RecentChangesLinked/File_ME3610_F14_WA_cuttingslotts.html.tmp already exists
08:39:02	Warning: 	engine: warning: temporary file ttu-eime/ttu-eime.csc.tntech.edu/indexd8ec.html.tmp already exists
08:39:03	Warning: 	engine: warning: temporary file ttu-eime/ttu-eime.csc.tntech.edu/index0588.html.tmp already exists
08:39:03	Warning: 	engine: warning: temporary file ttu-eime/ttu-eime.csc.tntech.edu/index1236.html.tmp already exists
08:39:03	Warning: 	engine: warning: temporary file ttu-eime/ttu-eime.csc.tntech.edu/index.php/File_talk_ME3610_F14_WA_justingrinder.html.tmp already exists
08:39:03	Warning: 	engine: warning: temporary file ttu-eime/ttu-eime.csc.tntech.edu/index87f9.html.tmp already exists
08:39:03	Warning: 	engine: warning: temporary file ttu-eime/ttu-eime.csc.tntech.edu/index2739.html.tmp already exists
08:39:03	Warning: 	engine: warning: temporary file ttu-eime/ttu-eime.csc.tntech.edu/index.php/Special_WhatLinksHere/File_ME3610_F14_WA_justingrinder.html.tmp already exists
08:39:03	Warning: 	engine: warning: temporary file ttu-eime/ttu-eime.csc.tntech.edu/index.php/Special_RecentChangesLinked/File_ME3610_F14_WA_justingrinder.html.tmp already exists
08:39:03	Warning: 	engine: warning: temporary file ttu-eime/ttu-eime.csc.tntech.edu/index2935.html.tmp already exists
08:39:03	Warning: 	engine: warning: temporary file ttu-eime/ttu-eime.csc.tntech.edu/index9b8f.html.tmp already exists
08:39:03	Warning: 	engine: warning: temporary file ttu-eime/ttu-eime.csc.tntech.edu/index33fc.html.tmp already exists
08:39:03	Warning: 	engine: warning: temporary file ttu-eime/ttu-eime.csc.tntech.edu/index.php/File_talk_ME3610_F14_WA_christmas.html.tmp already exists
08:39:03	Warning: 	engine: warning: temporary file ttu-eime/ttu-eime.csc.tntech.edu/index4870.html.tmp already exists
08:39:03	Warning: 	engine: warning: temporary file ttu-eime/ttu-eime.csc.tntech.edu/index773c.html.tmp already exists
08:39:03	Warning: 	engine: warning: temporary file ttu-eime/ttu-eime.csc.tntech.edu/index.php/Special_WhatLinksHere/File_ME3610_F14_WA_christmas.html.tmp already exists
08:39:03	Warning: 	engine: warning: temporary file ttu-eime/ttu-eime.csc.tntech.edu/index.php/Special_RecentChangesLinked/File_ME3610_F14_WA_christmas.html.tmp already exists
08:39:03	Warning: 	engine: warning: temporary file ttu-eime/ttu-eime.csc.tntech.edu/index3606.html.tmp already exists
08:39:03	Warning: 	engine: warning: temporary file ttu-eime/ttu-eime.csc.tntech.edu/indexe840-2.html.tmp already exists
08:39:03	Warning: 	engine: warning: temporary file ttu-eime/ttu-eime.csc.tntech.edu/index0967.html.tmp already exists
08:39:03	Warning: 	engine: warning: temporary file ttu-eime/ttu-eime.csc.tntech.edu/index.php/File_talk_ME3610_F14_WA_abanoubarmrest.html.tmp already exists
08:39:03	Warning: 	engine: warning: temporary file ttu-eime/ttu-eime.csc.tntech.edu/index30c0.html.tmp already exists
08:39:03	Warning: 	engine: warning: temporary file ttu-eime/ttu-eime.csc.tntech.edu/indexa18e.html.tmp already exists
08:39:03	Warning: 	engine: warning: temporary file ttu-eime/ttu-eime.csc.tntech.edu/index.php/Special_WhatLinksHere/File_ME3610_F14_WA_abanoubarmrest.html.tmp already exists
08:39:03	Warning: 	engine: warning: temporary file ttu-eime/ttu-eime.csc.tntech.edu/index.php/Special_RecentChangesLinked/File_ME3610_F14_WA_abanoubarmrest.html.tmp already exists
08:39:03	Warning: 	engine: warning: temporary file ttu-eime/ttu-eime.csc.tntech.edu/index293c.html.tmp already exists
08:39:03	Warning: 	engine: warning: temporary file ttu-eime/ttu-eime.csc.tntech.edu/index15be.html.tmp already exists
08:39:04	Warning: 	engine: warning: temporary file ttu-eime/ttu-eime.csc.tntech.edu/index3e24.html.tmp already exists
08:39:04	Warning: 	engine: warning: temporary file ttu-eime/ttu-eime.csc.tntech.edu/index.php/File_talk_ME3610_F14_WA_abanoubmilling.html.tmp already exists
08:39:04	Warning: 	engine: warning: temporary file ttu-eime/ttu-eime.csc.tntech.edu/index7cdb.html.tmp already exists
08:39:05	Warning: 	engine: warning: temporary file ttu-eime/ttu-eime.csc.tntech.edu/index47b0.html.tmp already exists
08:39:05	Warning: 	engine: warning: temporary file ttu-eime/ttu-eime.csc.tntech.edu/index.php/Special_WhatLinksHere/File_ME3610_F14_WA_abanoubmilling.html.tmp already exists
08:39:05	Warning: 	engine: warning: temporary file ttu-eime/ttu-eime.csc.tntech.edu/index.php/Special_RecentChangesLinked/File_ME3610_F14_WA_abanoubmilling.html.tmp already exists
08:39:05	Warning: 	engine: warning: temporary file ttu-eime/ttu-eime.csc.tntech.edu/indexd3fe.html.tmp already exists
08:39:05	Warning: 	engine: warning: temporary file ttu-eime/ttu-eime.csc.tntech.edu/index15ba.html.tmp already exists
08:39:05	Warning: 	engine: warning: temporary file ttu-eime/ttu-eime.csc.tntech.edu/indexe5d8.html.tmp already exists
08:39:05	Warning: 	engine: warning: temporary file ttu-eime/ttu-eime.csc.tntech.edu/index.php/File_talk_ME3610_F14_WA_steelbrackets.html.tmp already exists
08:39:05	Warning: 	engine: warning: temporary file ttu-eime/ttu-eime.csc.tntech.edu/index3263-2.html.tmp already exists
08:39:05	Warning: 	engine: warning: temporary file ttu-eime/ttu-eime.csc.tntech.edu/index1be6.html.tmp already exists
08:39:05	Warning: 	engine: warning: temporary file ttu-eime/ttu-eime.csc.tntech.edu/index.php/Special_WhatLinksHere/File_ME3610_F14_WA_steelbrackets.html.tmp already exists
08:39:05	Warning: 	engine: warning: temporary file ttu-eime/ttu-eime.csc.tntech.edu/index.php/Special_RecentChangesLinked/File_ME3610_F14_WA_steelbrackets.html.tmp already exists
08:39:05	Warning: 	engine: warning: temporary file ttu-eime/ttu-eime.csc.tntech.edu/indexd0d2.html.tmp already exists
08:39:05	Warning: 	engine: warning: temporary file ttu-eime/ttu-eime.csc.tntech.edu/indexc577.html.tmp already exists
08:39:05	Warning: 	engine: warning: temporary file ttu-eime/ttu-eime.csc.tntech.edu/index6d66.html.tmp already exists
08:39:05	Warning: 	engine: warning: temporary file ttu-eime/ttu-eime.csc.tntech.edu/index.php/File_talk_ME3610_F14_WA_110degbracket.html.tmp already exists
08:39:05	Warning: 	engine: warning: temporary file ttu-eime/ttu-eime.csc.tntech.edu/indexe63e.html.tmp already exists
08:39:05	Warning: 	engine: warning: temporary file ttu-eime/ttu-eime.csc.tntech.edu/index2cd2.html.tmp already exists
08:39:05	Warning: 	engine: warning: temporary file ttu-eime/ttu-eime.csc.tntech.edu/index.php/Special_WhatLinksHere/File_ME3610_F14_WA_110degbracket.html.tmp already exists
08:39:05	Warning: 	engine: warning: temporary file ttu-eime/ttu-eime.csc.tntech.edu/index.php/Special_RecentChangesLinked/File_ME3610_F14_WA_110degbracket.html.tmp already exists
08:39:05	Warning: 	engine: warning: temporary file ttu-eime/ttu-eime.csc.tntech.edu/indexf4fa.html.tmp already exists
08:39:05	Warning: 	engine: warning: temporary file ttu-eime/ttu-eime.csc.tntech.edu/indexeee0.html.tmp already exists
08:39:05	Warning: 	engine: warning: temporary file ttu-eime/ttu-eime.csc.tntech.edu/index2171.html.tmp already exists
08:39:05	Warning: 	engine: warning: temporary file ttu-eime/ttu-eime.csc.tntech.edu/index.php/File_talk_ME3610_F14_WA_mill.html.tmp already exists
08:39:05	Warning: 	engine: warning: temporary file ttu-eime/ttu-eime.csc.tntech.edu/indexc8db.html.tmp already exists
08:39:05	Warning: 	engine: warning: temporary file ttu-eime/ttu-eime.csc.tntech.edu/index60e6.html.tmp already exists
08:39:05	Warning: 	engine: warning: temporary file ttu-eime/ttu-eime.csc.tntech.edu/index.php/Special_WhatLinksHere/File_ME3610_F14_WA_mill.html.tmp already exists
08:39:05	Warning: 	engine: warning: temporary file ttu-eime/ttu-eime.csc.tntech.edu/index.php/Special_RecentChangesLinked/File_ME3610_F14_WA_mill.html.tmp already exists
08:39:05	Warning: 	engine: warning: temporary file ttu-eime/ttu-eime.csc.tntech.edu/index9115.html.tmp already exists
08:39:07	Warning: 	engine: warning: temporary file ttu-eime/ttu-eime.csc.tntech.edu/indexadbc.html.tmp already exists
08:39:07	Warning: 	engine: warning: temporary file ttu-eime/ttu-eime.csc.tntech.edu/index57cc.html.tmp already exists
08:39:07	Warning: 	engine: warning: temporary file ttu-eime/ttu-eime.csc.tntech.edu/index.php/File_talk_ME3610_F14_WA_justinsandblast.html.tmp already exists
08:39:07	Warning: 	engine: warning: temporary file ttu-eime/ttu-eime.csc.tntech.edu/indexf9ff.html.tmp already exists
08:39:07	Warning: 	engine: warning: temporary file ttu-eime/ttu-eime.csc.tntech.edu/index29d9.html.tmp already exists
08:39:07	Warning: 	engine: warning: temporary file ttu-eime/ttu-eime.csc.tntech.edu/index.php/Special_WhatLinksHere/File_ME3610_F14_WA_justinsandblast.html.tmp already exists
08:39:07	Warning: 	engine: warning: temporary file ttu-eime/ttu-eime.csc.tntech.edu/index.php/Special_RecentChangesLinked/File_ME3610_F14_WA_justinsandblast.html.tmp already exists
08:39:07	Warning: 	engine: warning: temporary file ttu-eime/ttu-eime.csc.tntech.edu/index88e2.html.tmp already exists
08:39:07	Warning: 	engine: warning: temporary file ttu-eime/ttu-eime.csc.tntech.edu/index718f.html.tmp already exists
08:39:07	Warning: 	engine: warning: temporary file ttu-eime/ttu-eime.csc.tntech.edu/indexb457.html.tmp already exists
08:39:07	Warning: 	engine: warning: temporary file ttu-eime/ttu-eime.csc.tntech.edu/index.php/File_talk_ME3610_F14_WA_vancepaint.html.tmp already exists
08:39:07	Warning: 	engine: warning: temporary file ttu-eime/ttu-eime.csc.tntech.edu/index2018.html.tmp already exists
08:39:07	Warning: 	engine: warning: temporary file ttu-eime/ttu-eime.csc.tntech.edu/indexde78.html.tmp already exists
08:39:07	Warning: 	engine: warning: temporary file ttu-eime/ttu-eime.csc.tntech.edu/index.php/Special_WhatLinksHere/File_ME3610_F14_WA_vancepaint.html.tmp already exists
08:39:07	Warning: 	engine: warning: temporary file ttu-eime/ttu-eime.csc.tntech.edu/index.php/Special_RecentChangesLinked/File_ME3610_F14_WA_vancepaint.html.tmp already exists
08:39:07	Warning: 	engine: warning: temporary file ttu-eime/ttu-eime.csc.tntech.edu/indexd653.html.tmp already exists
08:39:07	Warning: 	engine: warning: temporary file ttu-eime/ttu-eime.csc.tntech.edu/indexf9cb.html.tmp already exists
08:39:07	Warning: 	engine: warning: temporary file ttu-eime/ttu-eime.csc.tntech.edu/index9094.html.tmp already exists
08:39:07	Warning: 	engine: warning: temporary file ttu-eime/ttu-eime.csc.tntech.edu/index.php/File_talk_ME3610_F14_WA_scale.html.tmp already exists
08:39:07	Warning: 	engine: warning: temporary file ttu-eime/ttu-eime.csc.tntech.edu/indexbd95.html.tmp already exists
08:39:07	Warning: 	engine: warning: temporary file ttu-eime/ttu-eime.csc.tntech.edu/indexebd8.html.tmp already exists
08:39:07	Warning: 	engine: warning: temporary file ttu-eime/ttu-eime.csc.tntech.edu/index.php/Special_WhatLinksHere/File_ME3610_F14_WA_scale.html.tmp already exists
08:39:07	Warning: 	engine: warning: temporary file ttu-eime/ttu-eime.csc.tntech.edu/index.php/Special_RecentChangesLinked/File_ME3610_F14_WA_scale.html.tmp already exists
08:39:07	Warning: 	engine: warning: temporary file ttu-eime/ttu-eime.csc.tntech.edu/indexe365.html.tmp already exists
08:39:07	Warning: 	engine: warning: temporary file ttu-eime/ttu-eime.csc.tntech.edu/indexb29d.html.tmp already exists
08:39:07	Warning: 	engine: warning: temporary file ttu-eime/ttu-eime.csc.tntech.edu/index2320.html.tmp already exists
08:39:07	Warning: 	engine: warning: temporary file ttu-eime/ttu-eime.csc.tntech.edu/index.php/File_talk_ME3610_F14_WA_weight50.html.tmp already exists
08:39:07	Warning: 	engine: warning: temporary file ttu-eime/ttu-eime.csc.tntech.edu/indexa2a0.html.tmp already exists
08:39:07	Warning: 	engine: warning: temporary file ttu-eime/ttu-eime.csc.tntech.edu/index505b.html.tmp already exists
08:39:07	Warning: 	engine: warning: temporary file ttu-eime/ttu-eime.csc.tntech.edu/index.php/Special_WhatLinksHere/File_ME3610_F14_WA_weight50.html.tmp already exists
08:39:07	Warning: 	engine: warning: temporary file ttu-eime/ttu-eime.csc.tntech.edu/index.php/Special_RecentChangesLinked/File_ME3610_F14_WA_weight50.html.tmp already exists
08:39:08	Warning: 	engine: warning: temporary file ttu-eime/ttu-eime.csc.tntech.edu/indexa190.html.tmp already exists
08:39:09	Warning: 	engine: warning: temporary file ttu-eime/ttu-eime.csc.tntech.edu/indexd937.html.tmp already exists
08:39:09	Warning: 	engine: warning: temporary file ttu-eime/ttu-eime.csc.tntech.edu/index0a09.html.tmp already exists
08:39:09	Warning: 	engine: warning: temporary file ttu-eime/ttu-eime.csc.tntech.edu/index.php/File_talk_ME3610_F14_WA_heightmin.html.tmp already exists
08:39:09	Warning: 	engine: warning: temporary file ttu-eime/ttu-eime.csc.tntech.edu/indexc616.html.tmp already exists
08:39:09	Warning: 	engine: warning: temporary file ttu-eime/ttu-eime.csc.tntech.edu/index89dc.html.tmp already exists
08:39:09	Warning: 	engine: warning: temporary file ttu-eime/ttu-eime.csc.tntech.edu/index.php/Special_WhatLinksHere/File_ME3610_F14_WA_heightmin.html.tmp already exists
08:39:09	Warning: 	engine: warning: temporary file ttu-eime/ttu-eime.csc.tntech.edu/index.php/Special_RecentChangesLinked/File_ME3610_F14_WA_heightmin.html.tmp already exists
08:39:09	Warning: 	engine: warning: temporary file ttu-eime/ttu-eime.csc.tntech.edu/indexf714.html.tmp already exists
08:39:09	Warning: 	engine: warning: temporary file ttu-eime/ttu-eime.csc.tntech.edu/index929a.html.tmp already exists
08:39:09	Warning: 	engine: warning: temporary file ttu-eime/ttu-eime.csc.tntech.edu/indexb078.html.tmp already exists
08:39:09	Warning: 	engine: warning: temporary file ttu-eime/ttu-eime.csc.tntech.edu/index.php/File_talk_ME3610_F14_WA_weighttest.html.tmp already exists
08:39:09	Warning: 	engine: warning: temporary file ttu-eime/ttu-eime.csc.tntech.edu/indexb24c.html.tmp already exists
08:39:09	Warning: 	engine: warning: temporary file ttu-eime/ttu-eime.csc.tntech.edu/index8114.html.tmp already exists
08:39:09	Warning: 	engine: warning: temporary file ttu-eime/ttu-eime.csc.tntech.edu/index.php/Special_WhatLinksHere/File_ME3610_F14_WA_weighttest.html.tmp already exists
08:39:09	Warning: 	engine: warning: temporary file ttu-eime/ttu-eime.csc.tntech.edu/index.php/Special_RecentChangesLinked/File_ME3610_F14_WA_weighttest.html.tmp already exists
08:39:09	Warning: 	engine: warning: temporary file ttu-eime/ttu-eime.csc.tntech.edu/index5b9a.html.tmp already exists
08:39:09	Warning: 	engine: warning: temporary file ttu-eime/ttu-eime.csc.tntech.edu/indexa163.html.tmp already exists
08:39:09	Warning: 	engine: warning: temporary file ttu-eime/ttu-eime.csc.tntech.edu/indexa167.html.tmp already exists
08:39:09	Warning: 	engine: warning: temporary file ttu-eime/ttu-eime.csc.tntech.edu/index.php/File_talk_ME3610_F14_WA_heightmax.html.tmp already exists
08:39:09	Warning: 	engine: warning: temporary file ttu-eime/ttu-eime.csc.tntech.edu/index629f-2.html.tmp already exists
08:39:09	Warning: 	engine: warning: temporary file ttu-eime/ttu-eime.csc.tntech.edu/index8861.html.tmp already exists
08:39:09	Warning: 	engine: warning: temporary file ttu-eime/ttu-eime.csc.tntech.edu/index.php/Special_WhatLinksHere/File_ME3610_F14_WA_heightmax.html.tmp already exists
08:39:09	Warning: 	engine: warning: temporary file ttu-eime/ttu-eime.csc.tntech.edu/index.php/Special_RecentChangesLinked/File_ME3610_F14_WA_heightmax.html.tmp already exists
08:39:09	Warning: 	engine: warning: temporary file ttu-eime/ttu-eime.csc.tntech.edu/indexb949.html.tmp already exists
08:39:09	Warning: 	engine: warning: temporary file ttu-eime/ttu-eime.csc.tntech.edu/indexc9f8.html.tmp already exists
08:39:09	Warning: 	engine: warning: temporary file ttu-eime/ttu-eime.csc.tntech.edu/index60ae.html.tmp already exists
08:39:09	Warning: 	engine: warning: temporary file ttu-eime/ttu-eime.csc.tntech.edu/index.php/File_talk_ME3610_F14_WA_justinguard.html.tmp already exists
08:39:09	Warning: 	engine: warning: temporary file ttu-eime/ttu-eime.csc.tntech.edu/indexaee2.html.tmp already exists
08:39:09	Warning: 	engine: warning: temporary file ttu-eime/ttu-eime.csc.tntech.edu/index21ca.html.tmp already exists
08:39:09	Warning: 	engine: warning: temporary file ttu-eime/ttu-eime.csc.tntech.edu/index.php/Special_WhatLinksHere/File_ME3610_F14_WA_justinguard.html.tmp already exists
08:39:10	Warning: 	engine: warning: temporary file ttu-eime/ttu-eime.csc.tntech.edu/index.php/Special_RecentChangesLinked/File_ME3610_F14_WA_justinguard.html.tmp already exists
08:39:10	Warning: 	engine: warning: temporary file ttu-eime/ttu-eime.csc.tntech.edu/index25f8.html.tmp already exists
08:39:11	Warning: 	engine: warning: temporary file ttu-eime/ttu-eime.csc.tntech.edu/index1f28.html.tmp already exists
08:39:11	Warning: 	engine: warning: temporary file ttu-eime/ttu-eime.csc.tntech.edu/index2b78.html.tmp already exists
08:39:11	Warning: 	engine: warning: temporary file ttu-eime/ttu-eime.csc.tntech.edu/index.php/File_talk_ME3610_F14_WA_gorillaglue.html.tmp already exists
08:39:11	Warning: 	engine: warning: temporary file ttu-eime/ttu-eime.csc.tntech.edu/index9116.html.tmp already exists
08:39:11	Warning: 	engine: warning: temporary file ttu-eime/ttu-eime.csc.tntech.edu/index3b76.html.tmp already exists
08:39:11	Warning: 	engine: warning: temporary file ttu-eime/ttu-eime.csc.tntech.edu/index.php/Special_WhatLinksHere/File_ME3610_F14_WA_gorillaglue.html.tmp already exists
08:39:11	Warning: 	engine: warning: temporary file ttu-eime/ttu-eime.csc.tntech.edu/index.php/Special_RecentChangesLinked/File_ME3610_F14_WA_gorillaglue.html.tmp already exists
08:39:11	Warning: 	engine: warning: temporary file ttu-eime/ttu-eime.csc.tntech.edu/index650d.html.tmp already exists
08:39:11	Warning: 	engine: warning: temporary file ttu-eime/ttu-eime.csc.tntech.edu/index3e27.html.tmp already exists
08:39:11	Warning: 	engine: warning: temporary file ttu-eime/ttu-eime.csc.tntech.edu/indexeb7b.html.tmp already exists
08:39:11	Warning: 	engine: warning: temporary file ttu-eime/ttu-eime.csc.tntech.edu/index.php/File_talk_ME3610_F14_WA_waldosolder.html.tmp already exists
08:39:11	Warning: 	engine: warning: temporary file ttu-eime/ttu-eime.csc.tntech.edu/indexa219.html.tmp already exists
08:39:11	Warning: 	engine: warning: temporary file ttu-eime/ttu-eime.csc.tntech.edu/indexf133.html.tmp already exists
08:39:11	Warning: 	engine: warning: temporary file ttu-eime/ttu-eime.csc.tntech.edu/index.php/Special_WhatLinksHere/File_ME3610_F14_WA_waldosolder.html.tmp already exists
08:39:11	Warning: 	engine: warning: temporary file ttu-eime/ttu-eime.csc.tntech.edu/index.php/Special_RecentChangesLinked/File_ME3610_F14_WA_waldosolder.html.tmp already exists
08:39:11	Warning: 	engine: warning: temporary file ttu-eime/ttu-eime.csc.tntech.edu/index7f1f.html.tmp already exists
08:39:11	Warning: 	engine: warning: temporary file ttu-eime/ttu-eime.csc.tntech.edu/index115f.html.tmp already exists
08:39:11	Warning: 	engine: warning: temporary file ttu-eime/ttu-eime.csc.tntech.edu/index9686.html.tmp already exists
08:39:11	Warning: 	engine: warning: temporary file ttu-eime/ttu-eime.csc.tntech.edu/index.php/File_talk_ME3610_F14_WA_batterycircuit.html.tmp already exists
08:39:11	Warning: 	engine: warning: temporary file ttu-eime/ttu-eime.csc.tntech.edu/index8de5.html.tmp already exists
08:39:11	Warning: 	engine: warning: temporary file ttu-eime/ttu-eime.csc.tntech.edu/index3088.html.tmp already exists
08:39:11	Warning: 	engine: warning: temporary file ttu-eime/ttu-eime.csc.tntech.edu/index.php/Special_WhatLinksHere/File_ME3610_F14_WA_batterycircuit.html.tmp already exists
08:39:11	Warning: 	engine: warning: temporary file ttu-eime/ttu-eime.csc.tntech.edu/index.php/Special_RecentChangesLinked/File_ME3610_F14_WA_batterycircuit.html.tmp already exists
08:39:11	Warning: 	engine: warning: temporary file ttu-eime/ttu-eime.csc.tntech.edu/index0af8.html.tmp already exists
08:39:11	Warning: 	engine: warning: temporary file ttu-eime/ttu-eime.csc.tntech.edu/indexf70e.html.tmp already exists
08:39:11	Warning: 	engine: warning: temporary file ttu-eime/ttu-eime.csc.tntech.edu/index47fa.html.tmp already exists
08:39:11	Warning: 	engine: warning: temporary file ttu-eime/ttu-eime.csc.tntech.edu/index.php/File_talk_ME3610_F14_WA_mountswitch.html.tmp already exists
08:39:11	Warning: 	engine: warning: temporary file ttu-eime/ttu-eime.csc.tntech.edu/index5a76.html.tmp already exists
08:39:12	Warning: 	engine: warning: temporary file ttu-eime/ttu-eime.csc.tntech.edu/index46c0.html.tmp already exists
08:39:12	Warning: 	engine: warning: temporary file ttu-eime/ttu-eime.csc.tntech.edu/index.php/Special_WhatLinksHere/File_ME3610_F14_WA_mountswitch.html.tmp already exists
08:39:12	Warning: 	engine: warning: temporary file ttu-eime/ttu-eime.csc.tntech.edu/index.php/Special_RecentChangesLinked/File_ME3610_F14_WA_mountswitch.html.tmp already exists
08:39:12	Warning: 	engine: warning: temporary file ttu-eime/ttu-eime.csc.tntech.edu/indexde64.html.tmp already exists
08:39:13	Warning: 	engine: warning: temporary file ttu-eime/ttu-eime.csc.tntech.edu/index6fe0.html.tmp already exists
08:39:13	Warning: 	engine: warning: temporary file ttu-eime/ttu-eime.csc.tntech.edu/index4956.html.tmp already exists
08:39:13	Warning: 	engine: warning: temporary file ttu-eime/ttu-eime.csc.tntech.edu/index.php/File_talk_ME3610_F14_WA_crestinheatshrink.html.tmp already exists
08:39:13	Warning: 	engine: warning: temporary file ttu-eime/ttu-eime.csc.tntech.edu/indexa994.html.tmp already exists
08:39:13	Warning: 	engine: warning: temporary file ttu-eime/ttu-eime.csc.tntech.edu/index0f30.html.tmp already exists
08:39:13	Warning: 	engine: warning: temporary file ttu-eime/ttu-eime.csc.tntech.edu/index.php/Special_WhatLinksHere/File_ME3610_F14_WA_crestinheatshrink.html.tmp already exists
08:39:13	Warning: 	engine: warning: temporary file ttu-eime/ttu-eime.csc.tntech.edu/index.php/Special_RecentChangesLinked/File_ME3610_F14_WA_crestinheatshrink.html.tmp already exists
08:39:13	Warning: 	engine: warning: temporary file ttu-eime/ttu-eime.csc.tntech.edu/index5adf.html.tmp already exists
08:39:13	Warning: 	engine: warning: temporary file ttu-eime/ttu-eime.csc.tntech.edu/indexc3c1.html.tmp already exists
08:39:13	Warning: 	engine: warning: temporary file ttu-eime/ttu-eime.csc.tntech.edu/indexd07d.html.tmp already exists
08:39:13	Warning: 	engine: warning: temporary file ttu-eime/ttu-eime.csc.tntech.edu/index.php/File_talk_ME3610_F14_WA_finalswitch.html.tmp already exists
08:39:13	Warning: 	engine: warning: temporary file ttu-eime/ttu-eime.csc.tntech.edu/indexbd59.html.tmp already exists
08:39:13	Warning: 	engine: warning: temporary file ttu-eime/ttu-eime.csc.tntech.edu/index8a68.html.tmp already exists
08:39:13	Warning: 	engine: warning: temporary file ttu-eime/ttu-eime.csc.tntech.edu/index.php/Special_WhatLinksHere/File_ME3610_F14_WA_finalswitch.html.tmp already exists
08:39:13	Warning: 	engine: warning: temporary file ttu-eime/ttu-eime.csc.tntech.edu/index.php/Special_RecentChangesLinked/File_ME3610_F14_WA_finalswitch.html.tmp already exists
08:39:13	Warning: 	engine: warning: temporary file ttu-eime/ttu-eime.csc.tntech.edu/indexdd07.html.tmp already exists
08:39:13	Warning: 	engine: warning: temporary file ttu-eime/ttu-eime.csc.tntech.edu/indexf79f.html.tmp already exists
08:39:13	Warning: 	engine: warning: temporary file ttu-eime/ttu-eime.csc.tntech.edu/index4d97-2.html.tmp already exists
08:39:13	Warning: 	engine: warning: temporary file ttu-eime/ttu-eime.csc.tntech.edu/index.php/File_talk_ME3610_F14_WA_frontlowered.html.tmp already exists
08:39:13	Warning: 	engine: warning: temporary file ttu-eime/ttu-eime.csc.tntech.edu/index1572-2.html.tmp already exists
08:39:13	Warning: 	engine: warning: temporary file ttu-eime/ttu-eime.csc.tntech.edu/indexb320.html.tmp already exists
08:39:13	Warning: 	engine: warning: temporary file ttu-eime/ttu-eime.csc.tntech.edu/index.php/Special_WhatLinksHere/File_ME3610_F14_WA_frontlowered.html.tmp already exists
08:39:13	Warning: 	engine: warning: temporary file ttu-eime/ttu-eime.csc.tntech.edu/index.php/Special_RecentChangesLinked/File_ME3610_F14_WA_frontlowered.html.tmp already exists
08:39:13	Warning: 	engine: warning: temporary file ttu-eime/ttu-eime.csc.tntech.edu/index0b31-2.html.tmp already exists
08:39:13	Warning: 	engine: warning: temporary file ttu-eime/ttu-eime.csc.tntech.edu/index278a.html.tmp already exists
08:39:13	Warning: 	engine: warning: temporary file ttu-eime/ttu-eime.csc.tntech.edu/index9a63.html.tmp already exists
08:39:13	Warning: 	engine: warning: temporary file ttu-eime/ttu-eime.csc.tntech.edu/index.php/File_talk_ME3610_F14_WA_frontraised.html.tmp already exists
08:39:14	Warning: 	engine: warning: temporary file ttu-eime/ttu-eime.csc.tntech.edu/index8262-2.html.tmp already exists
08:39:14	Warning: 	engine: warning: temporary file ttu-eime/ttu-eime.csc.tntech.edu/indexc2cf.html.tmp already exists
08:39:14	Warning: 	engine: warning: temporary file ttu-eime/ttu-eime.csc.tntech.edu/index.php/Special_WhatLinksHere/File_ME3610_F14_WA_frontraised.html.tmp already exists
08:39:15	Warning: 	engine: warning: temporary file ttu-eime/ttu-eime.csc.tntech.edu/index.php/Special_RecentChangesLinked/File_ME3610_F14_WA_frontraised.html.tmp already exists
08:39:15	Warning: 	engine: warning: temporary file ttu-eime/ttu-eime.csc.tntech.edu/indexc93e.html.tmp already exists
08:39:15	Warning: 	engine: warning: temporary file ttu-eime/ttu-eime.csc.tntech.edu/indexbc2e.html.tmp already exists
08:39:15	Warning: 	engine: warning: temporary file ttu-eime/ttu-eime.csc.tntech.edu/indexd7db.html.tmp already exists
08:39:15	Warning: 	engine: warning: temporary file ttu-eime/ttu-eime.csc.tntech.edu/index.php/File_talk_ME3610_F14_WA_rearraised.html.tmp already exists
08:39:15	Warning: 	engine: warning: temporary file ttu-eime/ttu-eime.csc.tntech.edu/indexf98b.html.tmp already exists
08:39:15	Warning: 	engine: warning: temporary file ttu-eime/ttu-eime.csc.tntech.edu/indexc839-2.html.tmp already exists
08:39:15	Warning: 	engine: warning: temporary file ttu-eime/ttu-eime.csc.tntech.edu/index.php/Special_WhatLinksHere/File_ME3610_F14_WA_rearraised.html.tmp already exists
08:39:15	Warning: 	engine: warning: temporary file ttu-eime/ttu-eime.csc.tntech.edu/index.php/Special_RecentChangesLinked/File_ME3610_F14_WA_rearraised.html.tmp already exists
08:39:15	Warning: 	engine: warning: temporary file ttu-eime/ttu-eime.csc.tntech.edu/indexf0f7.html.tmp already exists
08:39:15	Warning: 	engine: warning: temporary file ttu-eime/ttu-eime.csc.tntech.edu/indexc19b.html.tmp already exists
08:39:15	Warning: 	engine: warning: temporary file ttu-eime/ttu-eime.csc.tntech.edu/indexcaac.html.tmp already exists
08:39:15	Warning: 	engine: warning: temporary file ttu-eime/ttu-eime.csc.tntech.edu/index.php/File_talk_Wheelchair_User_Manual.html.tmp already exists
08:39:15	Warning: 	engine: warning: temporary file ttu-eime/ttu-eime.csc.tntech.edu/indexa62f.html.tmp already exists
08:39:15	Warning: 	engine: warning: temporary file ttu-eime/ttu-eime.csc.tntech.edu/indexbccc.html.tmp already exists
08:39:15	Warning: 	engine: warning: temporary file ttu-eime/ttu-eime.csc.tntech.edu/index.php/Special_WhatLinksHere/File_Wheelchair_User_Manual.html.tmp already exists
08:39:15	Warning: 	engine: warning: temporary file ttu-eime/ttu-eime.csc.tntech.edu/index.php/Special_RecentChangesLinked/File_Wheelchair_User_Manual.html.tmp already exists
08:39:15	Warning: 	engine: warning: temporary file ttu-eime/ttu-eime.csc.tntech.edu/index641d.html.tmp already exists
08:39:15	Warning: 	engine: warning: temporary file ttu-eime/ttu-eime.csc.tntech.edu/index7bcb.html.tmp already exists
08:39:15	Warning: 	engine: warning: temporary file ttu-eime/ttu-eime.csc.tntech.edu/index7cb6.html.tmp already exists
08:39:15	Warning: 	engine: warning: temporary file ttu-eime/ttu-eime.csc.tntech.edu/index.php/File_talk_Wheelchair_User_Manual_2.html.tmp already exists
08:39:15	Warning: 	engine: warning: temporary file ttu-eime/ttu-eime.csc.tntech.edu/indexe256.html.tmp already exists
08:39:15	Warning: 	engine: warning: temporary file ttu-eime/ttu-eime.csc.tntech.edu/indexa096.html.tmp already exists
08:39:15	Warning: 	engine: warning: temporary file ttu-eime/ttu-eime.csc.tntech.edu/index.php/Special_WhatLinksHere/File_Wheelchair_User_Manual_2.html.tmp already exists
08:39:15	Warning: 	engine: warning: temporary file ttu-eime/ttu-eime.csc.tntech.edu/index.php/Special_RecentChangesLinked/File_Wheelchair_User_Manual_2.html.tmp already exists
08:39:15	Warning: 	engine: warning: temporary file ttu-eime/ttu-eime.csc.tntech.edu/index4b7e.html.tmp already exists
08:39:15	Warning: 	engine: warning: temporary file ttu-eime/ttu-eime.csc.tntech.edu/index5f2c-2.html.tmp already exists
08:39:15	Warning: 	engine: warning: temporary file ttu-eime/ttu-eime.csc.tntech.edu/index43fd.html.tmp already exists
08:39:16	Warning: 	engine: warning: temporary file ttu-eime/ttu-eime.csc.tntech.edu/index58a0.html.tmp already exists
08:39:16	Warning: 	engine: warning: temporary file ttu-eime/ttu-eime.csc.tntech.edu/index5144.html.tmp already exists
08:39:17	Warning: 	engine: warning: temporary file ttu-eime/ttu-eime.csc.tntech.edu/index.php/File_talk_1411131347689.html.tmp already exists
08:39:17	Warning: 	engine: warning: temporary file ttu-eime/ttu-eime.csc.tntech.edu/indexd175.html.tmp already exists
08:39:17	Warning: 	engine: warning: temporary file ttu-eime/ttu-eime.csc.tntech.edu/index50f1.html.tmp already exists
08:39:17	Warning: 	engine: warning: temporary file ttu-eime/ttu-eime.csc.tntech.edu/index.php/Special_WhatLinksHere/File_1411131347689.html.tmp already exists
08:39:17	Warning: 	engine: warning: temporary file ttu-eime/ttu-eime.csc.tntech.edu/index.php/Special_RecentChangesLinked/File_1411131347689.html.tmp already exists
08:39:17	Warning: 	engine: warning: temporary file ttu-eime/ttu-eime.csc.tntech.edu/index9980.html.tmp already exists
08:39:17	Warning: 	engine: warning: temporary file ttu-eime/ttu-eime.csc.tntech.edu/index92da.html.tmp already exists
08:39:17	Warning: 	engine: warning: temporary file ttu-eime/ttu-eime.csc.tntech.edu/index112c.html.tmp already exists
08:39:17	Warning: 	engine: warning: temporary file ttu-eime/ttu-eime.csc.tntech.edu/index.php/File_talk_Stickman_Sitting.html.tmp already exists
08:39:17	Warning: 	engine: warning: temporary file ttu-eime/ttu-eime.csc.tntech.edu/indexd5c9.html.tmp already exists
08:39:17	Warning: 	engine: warning: temporary file ttu-eime/ttu-eime.csc.tntech.edu/index3e8b-2.html.tmp already exists
08:39:17	Warning: 	engine: warning: temporary file ttu-eime/ttu-eime.csc.tntech.edu/index.php/Special_WhatLinksHere/File_Stickman_Sitting.html.tmp already exists
08:39:17	Warning: 	engine: warning: temporary file ttu-eime/ttu-eime.csc.tntech.edu/index.php/Special_RecentChangesLinked/File_Stickman_Sitting.html.tmp already exists
08:39:17	Warning: 	engine: warning: temporary file ttu-eime/ttu-eime.csc.tntech.edu/index8d22-2.html.tmp already exists
08:39:17	Warning: 	engine: warning: temporary file ttu-eime/ttu-eime.csc.tntech.edu/indexb081.html.tmp already exists
08:39:17	Warning: 	engine: warning: temporary file ttu-eime/ttu-eime.csc.tntech.edu/index0e32.html.tmp already exists
08:39:17	Warning: 	engine: warning: temporary file ttu-eime/ttu-eime.csc.tntech.edu/index.php/File_talk_Pivotal_Steering.html.tmp already exists
08:39:17	Warning: 	engine: warning: temporary file ttu-eime/ttu-eime.csc.tntech.edu/indexbad6.html.tmp already exists
08:39:17	Warning: 	engine: warning: temporary file ttu-eime/ttu-eime.csc.tntech.edu/index539f.html.tmp already exists
08:39:17	Warning: 	engine: warning: temporary file ttu-eime/ttu-eime.csc.tntech.edu/index.php/Special_WhatLinksHere/File_Pivotal_Steering.html.tmp already exists
08:39:17	Warning: 	engine: warning: temporary file ttu-eime/ttu-eime.csc.tntech.edu/index.php/Special_RecentChangesLinked/File_Pivotal_Steering.html.tmp already exists
08:39:17	Warning: 	engine: warning: temporary file ttu-eime/ttu-eime.csc.tntech.edu/index7ddc.html.tmp already exists
08:39:17	Warning: 	engine: warning: temporary file ttu-eime/ttu-eime.csc.tntech.edu/index5a65.html.tmp already exists
08:39:17	Warning: 	engine: warning: temporary file ttu-eime/ttu-eime.csc.tntech.edu/index8939.html.tmp already exists
08:39:17	Warning: 	engine: warning: temporary file ttu-eime/ttu-eime.csc.tntech.edu/index.php/File_talk_Arm_Connection.html.tmp already exists
08:39:17	Warning: 	engine: warning: temporary file ttu-eime/ttu-eime.csc.tntech.edu/index9f3e-2.html.tmp already exists
08:39:17	Warning: 	engine: warning: temporary file ttu-eime/ttu-eime.csc.tntech.edu/index7092.html.tmp already exists
08:39:17	Warning: 	engine: warning: temporary file ttu-eime/ttu-eime.csc.tntech.edu/index.php/Special_WhatLinksHere/File_Arm_Connection.html.tmp already exists
08:39:18	Warning: 	engine: warning: temporary file ttu-eime/ttu-eime.csc.tntech.edu/index.php/Special_RecentChangesLinked/File_Arm_Connection.html.tmp already exists
08:39:18	Warning: 	engine: warning: temporary file ttu-eime/ttu-eime.csc.tntech.edu/indexfe4a.html.tmp already exists
08:39:19	Warning: 	engine: warning: temporary file ttu-eime/ttu-eime.csc.tntech.edu/indexa6b3.html.tmp already exists
08:39:19	Warning: 	engine: warning: temporary file ttu-eime/ttu-eime.csc.tntech.edu/index99c2.html.tmp already exists
08:39:19	Warning: 	engine: warning: temporary file ttu-eime/ttu-eime.csc.tntech.edu/index.php/File_talk_20140917_111851.html.tmp already exists
08:39:19	Warning: 	engine: warning: temporary file ttu-eime/ttu-eime.csc.tntech.edu/index841b.html.tmp already exists
08:39:19	Warning: 	engine: warning: temporary file ttu-eime/ttu-eime.csc.tntech.edu/indexe63e-2.html.tmp already exists
08:39:19	Warning: 	engine: warning: temporary file ttu-eime/ttu-eime.csc.tntech.edu/index.php/Special_WhatLinksHere/File_20140917_111851.html.tmp already exists
08:39:19	Warning: 	engine: warning: temporary file ttu-eime/ttu-eime.csc.tntech.edu/index.php/Special_RecentChangesLinked/File_20140917_111851.html.tmp already exists
08:39:19	Warning: 	engine: warning: temporary file ttu-eime/ttu-eime.csc.tntech.edu/index9c28.html.tmp already exists
08:39:19	Warning: 	engine: warning: temporary file ttu-eime/ttu-eime.csc.tntech.edu/indexa6c5.html.tmp already exists
08:39:19	Warning: 	engine: warning: temporary file ttu-eime/ttu-eime.csc.tntech.edu/indexc42b.html.tmp already exists
08:39:19	Warning: 	engine: warning: temporary file ttu-eime/ttu-eime.csc.tntech.edu/index.php/File_talk_20140917_111844.html.tmp already exists
08:39:19	Warning: 	engine: warning: temporary file ttu-eime/ttu-eime.csc.tntech.edu/index4734.html.tmp already exists
08:39:19	Warning: 	engine: warning: temporary file ttu-eime/ttu-eime.csc.tntech.edu/indexd7eb-2.html.tmp already exists
08:39:19	Warning: 	engine: warning: temporary file ttu-eime/ttu-eime.csc.tntech.edu/index.php/Special_WhatLinksHere/File_20140917_111844.html.tmp already exists
08:39:19	Warning: 	engine: warning: temporary file ttu-eime/ttu-eime.csc.tntech.edu/index.php/Special_RecentChangesLinked/File_20140917_111844.html.tmp already exists
08:39:19	Warning: 	engine: warning: temporary file ttu-eime/ttu-eime.csc.tntech.edu/indexdf69.html.tmp already exists
08:39:19	Warning: 	engine: warning: temporary file ttu-eime/ttu-eime.csc.tntech.edu/indexcc38.html.tmp already exists
08:39:19	Warning: 	engine: warning: temporary file ttu-eime/ttu-eime.csc.tntech.edu/indexa4c3.html.tmp already exists
08:39:19	Warning: 	engine: warning: temporary file ttu-eime/ttu-eime.csc.tntech.edu/index.php/File_talk_Fly-by-wire.html.tmp already exists
08:39:19	Warning: 	engine: warning: temporary file ttu-eime/ttu-eime.csc.tntech.edu/indexb33d.html.tmp already exists
08:39:19	Warning: 	engine: warning: temporary file ttu-eime/ttu-eime.csc.tntech.edu/index3b50.html.tmp already exists
08:39:19	Warning: 	engine: warning: temporary file ttu-eime/ttu-eime.csc.tntech.edu/index.php/Special_WhatLinksHere/File_Fly-by-wire.html.tmp already exists
08:39:19	Warning: 	engine: warning: temporary file ttu-eime/ttu-eime.csc.tntech.edu/index.php/Special_RecentChangesLinked/File_Fly-by-wire.html.tmp already exists
08:39:19	Warning: 	engine: warning: temporary file ttu-eime/ttu-eime.csc.tntech.edu/index071b.html.tmp already exists
08:39:19	Warning: 	engine: warning: temporary file ttu-eime/ttu-eime.csc.tntech.edu/index4f2b.html.tmp already exists
08:39:19	Warning: 	engine: warning: temporary file ttu-eime/ttu-eime.csc.tntech.edu/indexf545.html.tmp already exists
08:39:19	Warning: 	engine: warning: temporary file ttu-eime/ttu-eime.csc.tntech.edu/index.php/File_talk_Ratchetting_Gear_Train.html.tmp already exists
08:39:19	Warning: 	engine: warning: temporary file ttu-eime/ttu-eime.csc.tntech.edu/index6293.html.tmp already exists
08:39:19	Warning: 	engine: warning: temporary file ttu-eime/ttu-eime.csc.tntech.edu/indexcd99.html.tmp already exists
08:39:20	Warning: 	engine: warning: temporary file ttu-eime/ttu-eime.csc.tntech.edu/index.php/Special_WhatLinksHere/File_Ratchetting_Gear_Train.html.tmp already exists
08:39:20	Warning: 	engine: warning: temporary file ttu-eime/ttu-eime.csc.tntech.edu/index.php/Special_RecentChangesLinked/File_Ratchetting_Gear_Train.html.tmp already exists
08:39:20	Warning: 	engine: warning: temporary file ttu-eime/ttu-eime.csc.tntech.edu/index9153.html.tmp already exists
08:39:39	Warning: 	engine: warning: temporary file ttu-eime/ttu-eime.csc.tntech.edu/index95e2.html.tmp already exists
08:39:45	Warning: 	engine: warning: temporary file ttu-eime/ttu-eime.csc.tntech.edu/indexccea.html.tmp already exists
08:41:32	Warning: 	engine: warning: temporary file ttu-eime/ttu-eime.csc.tntech.edu/index.php/File_talk_Img001.html.tmp already exists
08:41:34	Warning: 	engine: warning: temporary file ttu-eime/ttu-eime.csc.tntech.edu/indexaee7.html.tmp already exists
08:41:44	Warning: 	engine: warning: temporary file ttu-eime/ttu-eime.csc.tntech.edu/indexac6f.html.tmp already exists
08:43:24	Warning: 	engine: warning: temporary file ttu-eime/ttu-eime.csc.tntech.edu/index.php/Special_WhatLinksHere/File_Img001.html.tmp already exists
08:43:26	Warning: 	engine: warning: temporary file ttu-eime/ttu-eime.csc.tntech.edu/index.php/Special_RecentChangesLinked/File_Img001.html.tmp already exists
08:43:36	Warning: 	engine: warning: temporary file ttu-eime/ttu-eime.csc.tntech.edu/indexba15.html.tmp already exists

Exit requested to engine (signal 15)
08:45:26	Error: 	Exit requested by shell or user

HTTrack Website Copier/3.49-2 mirror complete in 25 minutes 19 seconds : 32302 links scanned, 19719 files written (1301523686 bytes overall), 210 files updated [31070264 bytes received at 20454 bytes/sec], 2399296 bytes transferred using HTTP compression in 169 files, ratio 31%, 6.0 requests per connection
(101 errors, 10945 warnings, 0 messages)
Done.
* * MIRROR ABORTED! * *
The current temporary cache is required for any update operation and only contains data downloaded during the present aborted session.
The former cache might contain more complete information; if you do not want to lose that information, you have to restore it and delete the current cache.
This can easily be done here by erasing the hts-cache/new.* files]
Thanks for using HTTrack!
